<?xml version="1.0" encoding="UTF-8"?>
<!-- Generated by org.testng.reporters.JUnitReportReporter -->
<testsuite hostname="PC010422" failures="0" tests="1" name="Tutorial.ParameterInTestNg" time="0.003" errors="0" timestamp="2022-06-24T21:14:44 IST" skipped="0">
  <testcase classname="Tutorial.ParameterInTestNg" name="pgm" time="0.003"/>
  <system-out/>
</testsuite> <!-- Tutorial.ParameterInTestNg -->
