<?xml version="1.0" encoding="UTF-8"?>
<!-- Generated by org.testng.reporters.JUnitReportReporter -->
<testsuite hostname="PC010422" failures="0" tests="2" name="Tutorial.DogInsurance" time="0.019" errors="0" timestamp="2022-06-23T10:31:56 IST" skipped="0">
  <testcase classname="Tutorial.DogInsurance" name="MobileLogout" time="0.009"/>
  <system-out/>
  <testcase classname="Tutorial.DogInsurance" name="MobileLogIn" time="0.010"/>
  <system-out/>
</testsuite> <!-- Tutorial.DogInsurance -->
