<?xml version="1.0" encoding="UTF-8"?>
<!-- Generated by org.testng.reporters.JUnitReportReporter -->
<testsuite hostname="PC010422" failures="0" tests="2" name="Tutorial.VehicleInsurance" time="0.022" errors="0" timestamp="2022-06-24T21:34:27 IST" skipped="0">
  <testcase classname="Tutorial.VehicleInsurance" name="MobileLogout" time="0.008"/>
  <system-out/>
  <testcase classname="Tutorial.VehicleInsurance" name="MobileLogIn" time="0.014"/>
  <system-out/>
</testsuite> <!-- Tutorial.VehicleInsurance -->
