<?xml version="1.0" encoding="UTF-8"?>
<!-- Generated by org.testng.reporters.JUnitReportReporter -->
<testsuite hostname="PC010422" failures="0" tests="1" name="Tutorial.TestNgFirstPgm" time="0.015" errors="0" timestamp="2022-06-22T07:06:43 IST" skipped="0">
  <testcase classname="Tutorial.TestNgFirstPgm" name="print" time="0.015"/>
  <system-out/>
</testsuite> <!-- Tutorial.TestNgFirstPgm -->
