<?xml version="1.0" encoding="UTF-8"?>
<!-- Generated by org.testng.reporters.JUnitReportReporter -->
<testsuite hostname="PC010422" failures="0" tests="2" name="Tutorial.AnnotationsPgm" time="0.034" errors="0" timestamp="2022-06-23T10:31:56 IST" skipped="0">
  <testcase classname="Tutorial.AnnotationsPgm" name="MobileLogout" time="0.007"/>
  <system-out/>
  <testcase classname="Tutorial.AnnotationsPgm" name="MobileLogIn" time="0.027"/>
  <system-out/>
</testsuite> <!-- Tutorial.AnnotationsPgm -->
