<?xml version="1.0" encoding="UTF-8"?>
<!-- Generated by org.testng.reporters.JUnitReportReporter -->
<testsuite hostname="PC010422" failures="0" tests="4" name="Tutorial.DataProviderPGM" time="47.759" errors="0" timestamp="2022-06-24T12:57:28 IST" skipped="0">
  <testcase classname="Tutorial.DataProviderPGM" name="SwagLagsLogin" time="24.429"/>
  <system-out/>
  <testcase classname="Tutorial.DataProviderPGM" name="SwagLagsLogin" time="10.696"/>
  <system-out/>
  <testcase classname="Tutorial.DataProviderPGM" name="SwagLagsLogin" time="5.944"/>
  <system-out/>
  <testcase classname="Tutorial.DataProviderPGM" name="SwagLagsLogin" time="6.690"/>
  <system-out/>
</testsuite> <!-- Tutorial.DataProviderPGM -->
