<?xml version="1.0" encoding="UTF-8"?>
<!-- Generated by org.testng.reporters.JUnitReportReporter -->
<testsuite hostname="PC010422" failures="0" tests="2" name="Tutorial.HomeInsurance" time="0.047" errors="0" timestamp="2022-06-24T21:34:27 IST" skipped="0">
  <testcase classname="Tutorial.HomeInsurance" name="MobileLogout" time="0.008"/>
  <system-out/>
  <testcase classname="Tutorial.HomeInsurance" name="MobileLogIn" time="0.039"/>
  <system-out/>
</testsuite> <!-- Tutorial.HomeInsurance -->
